{
  function: 'jwtLoginVerify',
  message: 'Successfully logged in',
  level: 'debug'
}
{ message: { queryOptions: { AND: [] } }, level: 'debug' }
{
  message: {
    function: 'PostService.getPosts',
    data: ResponseObject {
      error: null,
      ok: true,
      data: [
        {
          id: '514965be-7574-4b9f-9aa4-660dacb312a4',
          createdAt: 2023-08-08T05:30:53.316Z,
          updatedAt: 2023-11-21T15:44:34.017Z,
          title: 'Adrian',
          subTitle: null,
          heading: 'Daniel',
          text: 'Abadin',
          classification: 'Municipales',
          usersId: 'c462c917-ba21-4d46-bd44-29413edc520c',
          importance: 1,
          fbid: '112768655243132_116807228170522',
          images: []
        }
      ]
    }
  },
  level: 'debug'
}
{
  function: 'jwtLoginVerify',
  message: 'Successfully logged in',
  level: 'debug'
}
{ message: { queryOptions: { AND: [] } }, level: 'debug' }
{
  message: {
    function: 'PostService.getPosts',
    data: ResponseObject {
      error: null,
      ok: true,
      data: [
        {
          id: '514965be-7574-4b9f-9aa4-660dacb312a4',
          createdAt: 2023-08-08T05:30:53.316Z,
          updatedAt: 2023-11-21T15:44:34.017Z,
          title: 'Adrian',
          subTitle: null,
          heading: 'Daniel',
          text: 'Abadin',
          classification: 'Municipales',
          usersId: 'c462c917-ba21-4d46-bd44-29413edc520c',
          importance: 1,
          fbid: '112768655243132_116807228170522',
          images: []
        }
      ]
    }
  },
  level: 'debug'
}
{
  function: 'jwtLoginVerify',
  message: 'Successfully logged in',
  level: 'debug'
}
{ message: { queryOptions: { AND: [] } }, level: 'debug' }
{
  message: {
    function: 'PostService.getPosts',
    data: ResponseObject {
      error: null,
      ok: true,
      data: [
        {
          id: '514965be-7574-4b9f-9aa4-660dacb312a4',
          createdAt: 2023-08-08T05:30:53.316Z,
          updatedAt: 2023-11-21T15:44:34.017Z,
          title: 'Adrian',
          subTitle: null,
          heading: 'Daniel',
          text: 'Abadin',
          classification: 'Municipales',
          usersId: 'c462c917-ba21-4d46-bd44-29413edc520c',
          importance: 1,
          fbid: '112768655243132_116807228170522',
          images: []
        }
      ]
    }
  },
  level: 'debug'
}
{
  function: 'jwtLoginVerify',
  message: 'Successfully logged in',
  level: 'debug'
}
{
  message: {
    function: 'PostService.getPost',
    data: ResponseObject {
      error: null,
      ok: true,
      data: {
        id: '514965be-7574-4b9f-9aa4-660dacb312a4',
        createdAt: 2023-08-08T05:30:53.316Z,
        updatedAt: 2023-11-21T15:44:34.017Z,
        title: 'Adrian',
        subTitle: null,
        heading: 'Daniel',
        text: 'Abadin',
        classification: 'Municipales',
        usersId: 'c462c917-ba21-4d46-bd44-29413edc520c',
        importance: 1,
        fbid: '112768655243132_116807228170522',
        images: []
      }
    }
  },
  level: 'debug'
}
{
  function: 'jwtLoginVerify',
  message: 'Successfully logged in',
  level: 'debug'
}
{ message: { queryOptions: { AND: [] } }, level: 'debug' }
{
  message: {
    function: 'PostService.getPosts',
    data: ResponseObject {
      error: null,
      ok: true,
      data: [
        {
          id: '514965be-7574-4b9f-9aa4-660dacb312a4',
          createdAt: 2023-08-08T05:30:53.316Z,
          updatedAt: 2023-11-21T15:44:34.017Z,
          title: 'Adrian',
          subTitle: null,
          heading: 'Daniel',
          text: 'Abadin',
          classification: 'Municipales',
          usersId: 'c462c917-ba21-4d46-bd44-29413edc520c',
          importance: 1,
          fbid: '112768655243132_116807228170522',
          images: []
        }
      ]
    }
  },
  level: 'debug'
}
{
  function: 'jwtLoginVerify',
  message: 'Successfully logged in',
  level: 'debug'
}
{ message: { queryOptions: { AND: [] } }, level: 'debug' }
{
  message: {
    function: 'PostService.getPosts',
    data: ResponseObject {
      error: null,
      ok: true,
      data: [
        {
          id: '514965be-7574-4b9f-9aa4-660dacb312a4',
          createdAt: 2023-08-08T05:30:53.316Z,
          updatedAt: 2023-11-21T15:44:34.017Z,
          title: 'Adrian',
          subTitle: null,
          heading: 'Daniel',
          text: 'Abadin',
          classification: 'Municipales',
          usersId: 'c462c917-ba21-4d46-bd44-29413edc520c',
          importance: 1,
          fbid: '112768655243132_116807228170522',
          images: []
        }
      ]
    }
  },
  level: 'debug'
}
{
  function: 'jwtLoginVerify',
  message: 'Successfully logged in',
  level: 'debug'
}
{
  message: {
    function: 'PostService.getPost',
    data: ResponseObject {
      error: null,
      ok: true,
      data: {
        id: '514965be-7574-4b9f-9aa4-660dacb312a4',
        createdAt: 2023-08-08T05:30:53.316Z,
        updatedAt: 2023-11-21T15:44:34.017Z,
        title: 'Adrian',
        subTitle: null,
        heading: 'Daniel',
        text: 'Abadin',
        classification: 'Municipales',
        usersId: 'c462c917-ba21-4d46-bd44-29413edc520c',
        importance: 1,
        fbid: '112768655243132_116807228170522',
        images: []
      }
    }
  },
  level: 'debug'
}
{
  function: 'jwtLoginVerify',
  message: 'Successfully logged in',
  level: 'debug'
}
{ message: { queryOptions: { AND: [] } }, level: 'debug' }
{
  message: {
    function: 'PostService.getPosts',
    data: ResponseObject {
      error: null,
      ok: true,
      data: [
        {
          id: '514965be-7574-4b9f-9aa4-660dacb312a4',
          createdAt: 2023-08-08T05:30:53.316Z,
          updatedAt: 2023-11-21T15:44:34.017Z,
          title: 'Adrian',
          subTitle: null,
          heading: 'Daniel',
          text: 'Abadin',
          classification: 'Municipales',
          usersId: 'c462c917-ba21-4d46-bd44-29413edc520c',
          importance: 1,
          fbid: '112768655243132_116807228170522',
          images: []
        }
      ]
    }
  },
  level: 'debug'
}
{
  function: 'jwtLoginVerify',
  message: 'Successfully logged in',
  level: 'debug'
}
{ message: { queryOptions: { AND: [] } }, level: 'debug' }
{
  message: {
    function: 'PostService.getPosts',
    data: ResponseObject {
      error: null,
      ok: true,
      data: [
        {
          id: '514965be-7574-4b9f-9aa4-660dacb312a4',
          createdAt: 2023-08-08T05:30:53.316Z,
          updatedAt: 2023-11-21T15:44:34.017Z,
          title: 'Adrian',
          subTitle: null,
          heading: 'Daniel',
          text: 'Abadin',
          classification: 'Municipales',
          usersId: 'c462c917-ba21-4d46-bd44-29413edc520c',
          importance: 1,
          fbid: '112768655243132_116807228170522',
          images: []
        }
      ]
    }
  },
  level: 'debug'
}
{
  function: 'jwtLoginVerify',
  message: 'Successfully logged in',
  level: 'debug'
}
{ message: { queryOptions: { AND: [] } }, level: 'debug' }
{
  message: {
    function: 'PostService.getPosts',
    data: ResponseObject {
      error: null,
      ok: true,
      data: [
        {
          id: '514965be-7574-4b9f-9aa4-660dacb312a4',
          createdAt: 2023-08-08T05:30:53.316Z,
          updatedAt: 2023-11-21T15:44:34.017Z,
          title: 'Adrian',
          subTitle: null,
          heading: 'Daniel',
          text: 'Abadin',
          classification: 'Municipales',
          usersId: 'c462c917-ba21-4d46-bd44-29413edc520c',
          importance: 1,
          fbid: '112768655243132_116807228170522',
          images: []
        }
      ]
    }
  },
  level: 'debug'
}
{
  function: 'jwtLoginVerify',
  message: 'Successfully logged in',
  level: 'debug'
}
{
  message: {
    function: 'PostService.getPost',
    data: ResponseObject {
      error: null,
      ok: true,
      data: {
        id: '514965be-7574-4b9f-9aa4-660dacb312a4',
        createdAt: 2023-08-08T05:30:53.316Z,
        updatedAt: 2023-11-21T15:44:34.017Z,
        title: 'Adrian',
        subTitle: null,
        heading: 'Daniel',
        text: 'Abadin',
        classification: 'Municipales',
        usersId: 'c462c917-ba21-4d46-bd44-29413edc520c',
        importance: 1,
        fbid: '112768655243132_116807228170522',
        images: []
      }
    }
  },
  level: 'debug'
}
