{
  message: {
    function: 'facebookService.getLinkFromId',
    error: Error: Error creating link from id array
        at FacebookService.<anonymous> (C:\Users\aabadin\Documents\code\informe5Backend\Services\facebook.service.ts:103:22)
        at Generator.next (<anonymous>)
        at fulfilled (C:\Users\aabadin\Documents\code\informe5Backend\Services\facebook.service.ts:5:58)
        at processTicksAndRejections (node:internal/process/task_queues:95:5)
  },
  level: 'error'
}
{
  message: {
    function: 'PostService.updatePost',
    error: PrismaClientValidationError: 
    Invalid `this.prisma.posts.update()` invocation in
    C:\Users\aabadin\Documents\code\informe5Backend\post\post.service.ts:142:48
    
      139   }
      140 } else {
      141   try {
    → 142     const data = await this.prisma.posts.update({
                where: {
                  id: "514965be-7574-4b9f-9aa4-660dacb312a4"
                },
                data: {
                  author: "c462c917-ba21-4d46-bd44-29413edc520c",
                          ~~~~~~~~~~~~~~~~~~~~~~~~~~~~~~~~~~~~~~
                  classification: "Municipales",
                  heading: "Daniel",
                  text: "Abadin",
                  title: "Adrian",
                  importance: "1",
                  dbImages: "[object Object]",
                  jwt: undefined,
                  updatedAt: undefined,
                  images: {
                    deleteMany: {
                      NOT: {
                        id: {
                          in: undefined
                        }
                      }
                    }
                  }
                }
              })
    
    Argument `author`: Invalid value provided. Expected UsersUpdateOneRequiredWithoutPostsNestedInput, provided String.
        at Ur (C:\Users\aabadin\Documents\code\informe5Backend\node_modules\@prisma\client\runtime\library.js:115:5803)
        at zr.handleRequestError (C:\Users\aabadin\Documents\code\informe5Backend\node_modules\@prisma\client\runtime\library.js:122:8007)
        at zr.handleAndLogRequestError (C:\Users\aabadin\Documents\code\informe5Backend\node_modules\@prisma\client\runtime\library.js:122:7697)
        at zr.request (C:\Users\aabadin\Documents\code\informe5Backend\node_modules\@prisma\client\runtime\library.js:122:7307) {
      clientVersion: '5.0.0'
    }
  },
  level: 'error'
}
{
  message: {
    function: 'facebookService.getLinkFromId',
    error: Error: Error creating link from id array
        at FacebookService.<anonymous> (C:\Users\aabadin\Documents\code\informe5Backend\Services\facebook.service.ts:103:22)
        at Generator.next (<anonymous>)
        at fulfilled (C:\Users\aabadin\Documents\code\informe5Backend\Services\facebook.service.ts:5:58)
        at processTicksAndRejections (node:internal/process/task_queues:95:5)
  },
  level: 'error'
}
{
  message: {
    function: 'PostService.updatePost',
    error: PrismaClientValidationError: 
    Invalid `this.prisma.posts.update()` invocation in
    C:\Users\aabadin\Documents\code\informe5Backend\post\post.service.ts:142:48
    
      139   }
      140 } else {
      141   try {
    → 142     const data = await this.prisma.posts.update({
                where: {
                  id: "514965be-7574-4b9f-9aa4-660dacb312a4"
                },
                data: {
                  author: "c462c917-ba21-4d46-bd44-29413edc520c",
                          ~~~~~~~~~~~~~~~~~~~~~~~~~~~~~~~~~~~~~~
                  classification: "Municipales",
                  heading: "Daniel",
                  text: "Abadin",
                  title: "Adrian",
                  importance: "1",
                  dbImages: "[object Object]",
                  jwt: undefined,
                  updatedAt: undefined,
                  images: {
                    deleteMany: {
                      NOT: {
                        id: {
                          in: undefined
                        }
                      }
                    }
                  }
                }
              })
    
    Argument `author`: Invalid value provided. Expected UsersUpdateOneRequiredWithoutPostsNestedInput, provided String.
        at Ur (C:\Users\aabadin\Documents\code\informe5Backend\node_modules\@prisma\client\runtime\library.js:115:5803)
        at zr.handleRequestError (C:\Users\aabadin\Documents\code\informe5Backend\node_modules\@prisma\client\runtime\library.js:122:8007)
        at zr.handleAndLogRequestError (C:\Users\aabadin\Documents\code\informe5Backend\node_modules\@prisma\client\runtime\library.js:122:7697)
        at zr.request (C:\Users\aabadin\Documents\code\informe5Backend\node_modules\@prisma\client\runtime\library.js:122:7307) {
      clientVersion: '5.0.0'
    }
  },
  level: 'error'
}
{
  message: {
    function: 'facebookService.getLinkFromId',
    error: Error: Error creating link from id array
        at FacebookService.<anonymous> (C:\Users\aabadin\Documents\code\informe5Backend\Services\facebook.service.ts:103:22)
        at Generator.next (<anonymous>)
        at fulfilled (C:\Users\aabadin\Documents\code\informe5Backend\Services\facebook.service.ts:5:58)
        at processTicksAndRejections (node:internal/process/task_queues:95:5)
  },
  level: 'error'
}
{
  message: {
    function: 'PostService.updatePost',
    error: PrismaClientValidationError: 
    Invalid `this.prisma.posts.update()` invocation in
    C:\Users\aabadin\Documents\code\informe5Backend\post\post.service.ts:142:48
    
      139   }
      140 } else {
      141   try {
    → 142     const data = await this.prisma.posts.update({
                where: {
                  id: "514965be-7574-4b9f-9aa4-660dacb312a4"
                },
                data: {
                  author: "c462c917-ba21-4d46-bd44-29413edc520c",
                          ~~~~~~~~~~~~~~~~~~~~~~~~~~~~~~~~~~~~~~
                  classification: "Municipales",
                  heading: "Daniel",
                  text: "Abadin",
                  title: "Adrian",
                  importance: "1",
                  dbImages: "{\"id\":\"cd428617-39c8-49c7-9186-d13e3145cbe7\",\"createdAt\":\"2023-11-25T03:48:47.080Z\",\"updatedAt\":\"2023-11-25T03:48:47.080Z\",\"url\":\"https://scontent-eze1-1.xx.fbcdn.net/v/t39.30808-6/405878315_182054071645837_7920805258442067503_n.jpg?_nc_cat=111&ccb=1-7&_nc_sid=5f2048&_nc_eui2=AeFBCxQ2AuPfGfCgUvQlpzCopJYLsTdOmgGklguxN06aAYOF1gkTWywQzMZ3aZqHtuN7jPgFwWgaSi3GQ_r1b-oa&_nc_ohc=AtT92d6oJyMAX-kBJ4H&_nc_ht=scontent-eze1-1.xx&edm=AMAeTUEEAAAA&oh=00_AfCERj1CoIzRrLPrdbb_OYfsGuOuhJZT5KkqspILsULVbQ&oe=65664930\",\"fbid\":\"182054074979170\"}",
                  jwt: undefined,
                  updatedAt: undefined,
                  images: {
                    deleteMany: {
                      NOT: {
                        id: {
                          in: undefined
                        }
                      }
                    }
                  }
                }
              })
    
    Argument `author`: Invalid value provided. Expected UsersUpdateOneRequiredWithoutPostsNestedInput, provided String.
        at Ur (C:\Users\aabadin\Documents\code\informe5Backend\node_modules\@prisma\client\runtime\library.js:115:5803)
        at zr.handleRequestError (C:\Users\aabadin\Documents\code\informe5Backend\node_modules\@prisma\client\runtime\library.js:122:8007)
        at zr.handleAndLogRequestError (C:\Users\aabadin\Documents\code\informe5Backend\node_modules\@prisma\client\runtime\library.js:122:7697)
        at zr.request (C:\Users\aabadin\Documents\code\informe5Backend\node_modules\@prisma\client\runtime\library.js:122:7307) {
      clientVersion: '5.0.0'
    }
  },
  level: 'error'
}
{
  message: {
    function: 'facebookService.getLinkFromId',
    error: Error: Error creating link from id array
        at FacebookService.<anonymous> (C:\Users\aabadin\Documents\code\informe5Backend\Services\facebook.service.ts:103:22)
        at Generator.next (<anonymous>)
        at fulfilled (C:\Users\aabadin\Documents\code\informe5Backend\Services\facebook.service.ts:5:58)
        at processTicksAndRejections (node:internal/process/task_queues:95:5)
  },
  level: 'error'
}
{
  message: {
    function: 'PostService.updatePost',
    error: PrismaClientValidationError: 
    Invalid `this.prisma.posts.update()` invocation in
    C:\Users\aabadin\Documents\code\informe5Backend\post\post.service.ts:142:48
    
      139   }
      140 } else {
      141   try {
    → 142     const data = await this.prisma.posts.update({
                where: {
                  id: "514965be-7574-4b9f-9aa4-660dacb312a4"
                },
                data: {
                  author: "c462c917-ba21-4d46-bd44-29413edc520c",
                          ~~~~~~~~~~~~~~~~~~~~~~~~~~~~~~~~~~~~~~
                  classification: "Municipales",
                  heading: "Daniel",
                  text: "Abadin",
                  title: "Adrian",
                  importance: "1",
                  dbImages: "{\"id\":\"cd428617-39c8-49c7-9186-d13e3145cbe7\",\"createdAt\":\"2023-11-25T03:48:47.080Z\",\"updatedAt\":\"2023-11-25T03:48:47.080Z\",\"url\":\"https://scontent-eze1-1.xx.fbcdn.net/v/t39.30808-6/405878315_182054071645837_7920805258442067503_n.jpg?_nc_cat=111&ccb=1-7&_nc_sid=5f2048&_nc_eui2=AeFBCxQ2AuPfGfCgUvQlpzCopJYLsTdOmgGklguxN06aAYOF1gkTWywQzMZ3aZqHtuN7jPgFwWgaSi3GQ_r1b-oa&_nc_ohc=AtT92d6oJyMAX-kBJ4H&_nc_ht=scontent-eze1-1.xx&edm=AMAeTUEEAAAA&oh=00_AfCERj1CoIzRrLPrdbb_OYfsGuOuhJZT5KkqspILsULVbQ&oe=65664930\",\"fbid\":\"182054074979170\"}",
                  jwt: undefined,
                  updatedAt: undefined,
                  images: {
                    deleteMany: {
                      NOT: {
                        id: {
                          in: undefined
                        }
                      }
                    }
                  }
                }
              })
    
    Argument `author`: Invalid value provided. Expected UsersUpdateOneRequiredWithoutPostsNestedInput, provided String.
        at Ur (C:\Users\aabadin\Documents\code\informe5Backend\node_modules\@prisma\client\runtime\library.js:115:5803)
        at zr.handleRequestError (C:\Users\aabadin\Documents\code\informe5Backend\node_modules\@prisma\client\runtime\library.js:122:8007)
        at zr.handleAndLogRequestError (C:\Users\aabadin\Documents\code\informe5Backend\node_modules\@prisma\client\runtime\library.js:122:7697)
        at zr.request (C:\Users\aabadin\Documents\code\informe5Backend\node_modules\@prisma\client\runtime\library.js:122:7307) {
      clientVersion: '5.0.0'
    }
  },
  level: 'error'
}
{
  message: {
    function: 'facebookService.getLinkFromId',
    error: Error: Error creating link from id array
        at FacebookService.<anonymous> (C:\Users\aabadin\Documents\code\informe5Backend\Services\facebook.service.ts:103:22)
        at Generator.next (<anonymous>)
        at fulfilled (C:\Users\aabadin\Documents\code\informe5Backend\Services\facebook.service.ts:5:58)
        at processTicksAndRejections (node:internal/process/task_queues:95:5)
  },
  level: 'error'
}
{
  message: {
    function: 'facebookService.getLinkFromId',
    error: Error: Error creating link from id array
        at FacebookService.<anonymous> (C:\Users\aabadin\Documents\code\informe5Backend\Services\facebook.service.ts:103:22)
        at Generator.next (<anonymous>)
        at fulfilled (C:\Users\aabadin\Documents\code\informe5Backend\Services\facebook.service.ts:5:58)
        at processTicksAndRejections (node:internal/process/task_queues:95:5)
  },
  level: 'error'
}
{
  message: {
    function: 'facebookService.getLinkFromId',
    error: Error: Error creating link from id array
        at FacebookService.<anonymous> (C:\Users\aabadin\Documents\code\informe5Backend\Services\facebook.service.ts:103:22)
        at Generator.next (<anonymous>)
        at fulfilled (C:\Users\aabadin\Documents\code\informe5Backend\Services\facebook.service.ts:5:58)
        at processTicksAndRejections (node:internal/process/task_queues:95:5)
  },
  level: 'error'
}
